\BOOKMARK [1][-]{section.1}{Aufgabe 1: ``Informatik''}{}
\BOOKMARK [2][-]{subsection.1.1}{L\366sungsidee}{section.1}
\BOOKMARK [2][-]{subsection.1.2}{Programm-Dokumentation}{section.1}
\BOOKMARK [2][-]{subsection.1.3}{Programm-Ablaufprotokoll}{section.1}
\BOOKMARK [3][-]{subsubsection.1.3.1}{Erzeugung}{subsection.1.3}
\BOOKMARK [3][-]{subsubsection.1.3.2}{Ergebnisse}{subsection.1.3}
\BOOKMARK [2][-]{subsection.1.4}{Programm-Text}{section.1}
\BOOKMARK [2][-]{subsection.1.5}{Programm-Nutzung}{section.1}
\BOOKMARK [1][-]{section.2}{Aufgabe 2: ``Robuttons''}{}
\BOOKMARK [2][-]{subsection.2.1}{L\366sungsidee}{section.2}
\BOOKMARK [2][-]{subsection.2.2}{Programm-Dokumentation}{section.2}
\BOOKMARK [2][-]{subsection.2.3}{Programm-Ablaufprotokoll}{section.2}
\BOOKMARK [2][-]{subsection.2.4}{Programm-Text}{section.2}
\BOOKMARK [2][-]{subsection.2.5}{Programm-Nutzung}{section.2}
\BOOKMARK [1][-]{section.3}{Aufgabe 3: ``Logistisch''}{}
\BOOKMARK [2][-]{subsection.3.1}{L\366sungsidee}{section.3}
\BOOKMARK [3][-]{subsubsection.3.1.1}{Teilaufgabe 1}{subsection.3.1}
\BOOKMARK [3][-]{subsubsection.3.1.2}{Teilaufgabe 2}{subsection.3.1}
\BOOKMARK [2][-]{subsection.3.2}{Programm-Dokumentation}{section.3}
\BOOKMARK [2][-]{subsection.3.3}{Programm-Ablaufprotokoll}{section.3}
\BOOKMARK [2][-]{subsection.3.4}{Programm-Text}{section.3}
\BOOKMARK [2][-]{subsection.3.5}{Programm-Nutzung}{section.3}
\BOOKMARK [1][-]{section.4}{Aufgabe 4: ``Drehzahl''}{}
\BOOKMARK [2][-]{subsection.4.1}{L\366sungsidee}{section.4}
\BOOKMARK [2][-]{subsection.4.2}{Programm-Dokumentation}{section.4}
\BOOKMARK [2][-]{subsection.4.3}{Programm-Ablaufprotokoll}{section.4}
\BOOKMARK [2][-]{subsection.4.4}{Programm-Text}{section.4}
\BOOKMARK [2][-]{subsection.4.5}{Programm-Nutzung}{section.4}
\BOOKMARK [1][-]{section.5}{Allgemeine Nutzungsanleitung}{}
\BOOKMARK [2][-]{subsection.5.1}{Dateistruktur der CD}{section.5}
\BOOKMARK [2][-]{subsection.5.2}{Ausf\374hrvoraussetzungen}{section.5}
\BOOKMARK [2][-]{subsection.5.3}{Starten der Programme}{section.5}
