\BOOKMARK [1][-]{section.1}{Allgemeines}{}
\BOOKMARK [2][-]{subsection.1.1}{Pers\366nliche Anmerkungen}{section.1}
\BOOKMARK [2][-]{subsection.1.2}{Dateistruktur der CD}{section.1}
\BOOKMARK [2][-]{subsection.1.3}{Ausf\374hrvoraussetzungen}{section.1}
\BOOKMARK [2][-]{subsection.1.4}{Starten der Programme}{section.1}
\BOOKMARK [1][-]{section.2}{Aufgabe 1: Kisten in Kisten in Kisten}{}
\BOOKMARK [2][-]{subsection.2.1}{L\366sungsidee}{section.2}
\BOOKMARK [3][-]{subsubsection.2.1.1}{Allgemein}{subsection.2.1}
\BOOKMARK [3][-]{subsubsection.2.1.2}{Bruteforce}{subsection.2.1}
\BOOKMARK [3][-]{subsubsection.2.1.3}{Bruteforce nach Aufteilung}{subsection.2.1}
\BOOKMARK [3][-]{subsubsection.2.1.4}{Online Packer}{subsection.2.1}
\BOOKMARK [2][-]{subsection.2.2}{Implementierung}{section.2}
\BOOKMARK [2][-]{subsection.2.3}{Programmabl\344ufe}{section.2}
\BOOKMARK [3][-]{subsubsection.2.3.1}{Algorithm-Contest \(Packdichte\)}{subsection.2.3}
\BOOKMARK [3][-]{subsubsection.2.3.2}{Algorithm-Contest \(Laufzeit\)}{subsection.2.3}
\BOOKMARK [2][-]{subsection.2.4}{Programmtext}{section.2}
\BOOKMARK [2][-]{subsection.2.5}{Programmnutzung}{section.2}
\BOOKMARK [1][-]{section.3}{Zweite bearbeitete Aufgabe: \(2\) Containerklam\374sel}{}
\BOOKMARK [2][-]{subsection.3.1}{L\366sungsidee}{section.3}
\BOOKMARK [3][-]{subsubsection.3.1.1}{Vor\374berlegungen}{subsection.3.1}
\BOOKMARK [3][-]{subsubsection.3.1.2}{Datenstruktur}{subsection.3.1}
\BOOKMARK [3][-]{subsubsection.3.1.3}{Algorithmen}{subsection.3.1}
\BOOKMARK [2][-]{subsection.3.2}{Implementation}{section.3}
